{:server-socket #<ServerSocket ServerSocket[addr=localhost/127.0.0.1,port=0,localport=30930]>, :connections #<Ref@1712492: #{}>}
edray
orangeay
edray
orangeay
edray
orangeay
hey
edray
orangeay
what
edray
orangeay
what
edray
orangeay
hey
edray
orangeay
what
edray
orangeay
what
-2N
edray
orangeay
what
-2N
edray
orangeay
what
-4N
edray
orangeay
what
4N
edray
orangeay
what
-8N
edray
orangeay
what
-8N
fu 
 bar
edray
orangeay
what
-8N
fu 
 bar
edray
orangeay
what
-8N
fu 
 bar
edray
orangeay
what
-8N
fu 
 bar
edray
orangeay
what
-8N
fu 
 bar
NOT NIL
edray
orangeay
what
-8N
fu 
 bar
true
edray
orangeay
what
-8N
fu 
 bar
false
edray
orangeay
what
-8N
fu 
 bar
true
edray
orangeay
what
-8N
fu 
 bar
false
edray
orangeay
what
-8N
fu 
 bar
false
edray
orangeay
what
-8N
fu 
 bar
true
edray
orangeay
what
-8N
fu 
 bar
edray
orangeay
what
-8N
fu 
 bar
true
edray
orangeay
what
-8N
fu 
 bar
true
5
edray
orangeay
what
-8N
fu 
 bar
true
1000000
edray
orangeay
what
-8N
fu 
 bar
true
1000000
#<core$_PLUS_ clojure.core$_PLUS_@e6a1af>
edray
orangeay
what
-8N
fu 
 bar
true
1000000
#<core$_PLUS_ clojure.core$_PLUS_@e6a1af>
WARNING: map already refers to: #'clojure.core/map in namespace: try-clojure.core, being replaced by: #'try-clojure.core/map
edray
orangeay
what
-8N
fu 
 bar
true
1000000
#<core$_PLUS_ clojure.core$_PLUS_@e6a1af>
WARNING: map already refers to: #'clojure.core/map in namespace: try-clojure.core, being replaced by: #'try-clojure.core/map
edray
orangeay
what
-8N
fu 
 bar
true
1000000
#<core$_PLUS_ clojure.core$_PLUS_@e6a1af>
WARNING: map already refers to: #'clojure.core/map in namespace: try-clojure.core, being replaced by: #'try-clojure.core/map
edray
orangeay
what
-8N
fu 
 bar
true
1000000
#<core$_PLUS_ clojure.core$_PLUS_@e6a1af>
WARNING: map already refers to: #'clojure.core/map in namespace: try-clojure.core, being replaced by: #'try-clojure.core/map
edray
orangeay
what
-8N
fu 
 bar
true
1000000
#<core$_PLUS_ clojure.core$_PLUS_@e6a1af>
WARNING: map already refers to: #'clojure.core/map in namespace: try-clojure.core, being replaced by: #'try-clojure.core/map
edray
orangeay
what
-8N
fu 
 bar
true
1000000
#<core$_PLUS_ clojure.core$_PLUS_@e6a1af>
WARNING: map already refers to: #'clojure.core/map in namespace: try-clojure.core, being replaced by: #'try-clojure.core/map
edray
orangeay
what
-8N
fu 
 bar
true
1000000
#<core$_PLUS_ clojure.core$_PLUS_@e6a1af>
WARNING: map already refers to: #'clojure.core/map in namespace: try-clojure.core, being replaced by: #'try-clojure.core/map
edray
orangeay
what
-8N
fu 
 bar
true
1000000
#<core$_PLUS_ clojure.core$_PLUS_@e6a1af>
edray
orangeay
what
-8N
fu 
 bar
true
1000000
#<core$_PLUS_ clojure.core$_PLUS_@e6a1af>
edray
orangeay
what
-8N
fu 
 bar
true
1000000
#<core$_PLUS_ clojure.core$_PLUS_@e6a1af>
edray
orangeay
what
-8N
fu 
 bar
true
1000000
#<core$_PLUS_ clojure.core$_PLUS_@e6a1af>
edray
orangeay
what
-8N
fu 
 bar
true
1000000
#<core$_PLUS_ clojure.core$_PLUS_@e6a1af>
edray
orangeay
what
-8N
fu 
 bar
true
1000000
#<core$_PLUS_ clojure.core$_PLUS_@e6a1af>
edray
orangeay
what
-8N
fu 
 bar
true
1000000
#<core$_PLUS_ clojure.core$_PLUS_@e6a1af>
edray
orangeay
what
-8N
fu 
 bar
true
1000000
#<core$_PLUS_ clojure.core$_PLUS_@e6a1af>
edray
orangeay
what
-8N
fu 
 bar
true
1000000
#<core$_PLUS_ clojure.core$_PLUS_@e6a1af>
edray
orangeay
what
-8N
fu 
 bar
true
1000000
#<core$_PLUS_ clojure.core$_PLUS_@e6a1af>
edray
orangeay
what
-8N
fu 
 bar
true
1000000
#<core$_PLUS_ clojure.core$_PLUS_@e6a1af>
edray
orangeay
what
-8N
fu 
 bar
true
1000000
#<core$_PLUS_ clojure.core$_PLUS_@e6a1af>
edray
orangeay
what
-8N
fu 
 bar
true
1000000
#<core$_PLUS_ clojure.core$_PLUS_@e6a1af>
edray
orangeay
what
-8N
fu 
 bar
true
1000000
#<core$_PLUS_ clojure.core$_PLUS_@e6a1af>
edray
orangeay
what
-8N
fu 
 bar
true
1000000
#<core$_PLUS_ clojure.core$_PLUS_@e6a1af>
edray
orangeay
what
-8N
fu 
 bar
true
1000000
#<core$_PLUS_ clojure.core$_PLUS_@e6a1af>
edray
orangeay
what
-8N
fu 
 bar
true
1000000
#<core$_PLUS_ clojure.core$_PLUS_@e6a1af>
edray
orangeay
what
-8N
fu 
 bar
true
1000000
#<core$_PLUS_ clojure.core$_PLUS_@e6a1af>
edray
orangeay
what
-8N
fu 
 bar
true
1000000
#<core$_PLUS_ clojure.core$_PLUS_@e6a1af>
edray
orangeay
what
-8N
fu 
 bar
true
1000000
#<core$_PLUS_ clojure.core$_PLUS_@e6a1af>
edray
orangeay
what
-8N
fu 
 bar
true
1000000
#<core$_PLUS_ clojure.core$_PLUS_@e6a1af>
edray
orangeay
what
-8N
fu 
 bar
true
1000000
#<core$_PLUS_ clojure.core$_PLUS_@e6a1af>
edray
orangeay
what
-8N
fu 
 bar
true
1000000
#<core$_PLUS_ clojure.core$_PLUS_@e6a1af>
heyedray
orangeay
what
-8N
fu 
 bar
true
1000000
#<core$_PLUS_ clojure.core$_PLUS_@e6a1af>
heyedray
orangeay
what
-8N
fu 
 bar
true
1000000
#<core$_PLUS_ clojure.core$_PLUS_@e6a1af>
heybaredray
orangeay
what
-8N
fu 
 bar
true
1000000
#<core$_PLUS_ clojure.core$_PLUS_@e6a1af>
heybaredray
orangeay
what
-8N
fu 
 bar
true
1000000
#<core$_PLUS_ clojure.core$_PLUS_@e6a1af>
heybar#<core$eval19707$fn__19710 try_clojure.core$eval19707$fn__19710@4a7767>edray
orangeay
what
-8N
fu 
 bar
true
1000000
#<core$_PLUS_ clojure.core$_PLUS_@e6a1af>
heybaredray
orangeay
what
-8N
fu 
 bar
true
1000000
#<core$_PLUS_ clojure.core$_PLUS_@e6a1af>
heybaredray
orangeay
what
-8N
fu 
 bar
true
1000000
#<core$_PLUS_ clojure.core$_PLUS_@e6a1af>
heybarblahedray
orangeay
what
-8N
fu 
 bar
true
1000000
#<core$_PLUS_ clojure.core$_PLUS_@e6a1af>
heybarblahedray
orangeay
what
-8N
fu 
 bar
true
1000000
#<core$_PLUS_ clojure.core$_PLUS_@e6a1af>
heybarblahedray
orangeay
what
-8N
fu 
 bar
true
1000000
#<core$_PLUS_ clojure.core$_PLUS_@e6a1af>
heybarblahdefaultedray
orangeay
what
-8N
fu 
 bar
true
1000000
#<core$_PLUS_ clojure.core$_PLUS_@e6a1af>
heybarblahdefaultOTHER STUFFedray
orangeay
what
-8N
fu 
 bar
true
1000000
#<core$_PLUS_ clojure.core$_PLUS_@e6a1af>
heybarblahdefaultOTHER STUFFHello (world class)edray
orangeay
what
-8N
fu 
 bar
true
1000000
#<core$_PLUS_ clojure.core$_PLUS_@e6a1af>
heybarblahdefaultOTHER STUFFHello (world class)edray
orangeay
what
-8N
fu 
 bar
true
1000000
#<core$_PLUS_ clojure.core$_PLUS_@e6a1af>
heybarblahdefaultOTHER STUFFHello (world class ignored)edray
orangeay
what
-8N
fu 
 bar
true
1000000
#<core$_PLUS_ clojure.core$_PLUS_@e6a1af>
heybarblahdefaultOTHER STUFFHello worldedray
orangeay
what
-8N
fu 
 bar
true
1000000
#<core$_PLUS_ clojure.core$_PLUS_@e6a1af>
heybarblahdefaultOTHER STUFFHello ignorededray
orangeay
what
-8N
fu 
 bar
true
1000000
#<core$_PLUS_ clojure.core$_PLUS_@e6a1af>
heybarblahdefaultOTHER STUFF#<core$nth clojure.core$nth@f4a1d3> (world class ignored) 2Hello niledray
orangeay
what
-8N
fu 
 bar
true
1000000
#<core$_PLUS_ clojure.core$_PLUS_@e6a1af>
heybarblahdefaultOTHER STUFFHello worldedray
orangeay
what
-8N
fu 
 bar
true
1000000
#<core$_PLUS_ clojure.core$_PLUS_@e6a1af>
heybarblahdefaultOTHER STUFFHello worldedray
orangeay
what
-8N
fu 
 bar
true
1000000
#<core$_PLUS_ clojure.core$_PLUS_@e6a1af>
heybarblahdefaultOTHER STUFFHello worldedray
orangeay
what
-8N
fu 
 bar
true
1000000
#<core$_PLUS_ clojure.core$_PLUS_@e6a1af>
heybarblahdefaultOTHER STUFFHello worldedray
orangeay
what
-8N
fu 
 bar
true
1000000
#<core$_PLUS_ clojure.core$_PLUS_@e6a1af>
heybarblahdefaultOTHER STUFFHello worldFU!
edray
orangeay
what
-8N
fu 
 bar
true
1000000
#<core$_PLUS_ clojure.core$_PLUS_@e6a1af>
heybarblahdefaultOTHER STUFFHello worldFU!
edray
orangeay
what
-8N
fu 
 bar
true
1000000
#<core$_PLUS_ clojure.core$_PLUS_@e6a1af>
heybarblahdefaultOTHER STUFFHello worldFU!
BAR
edray
orangeay
what
-8N
fu 
 bar
true
1000000
#<core$_PLUS_ clojure.core$_PLUS_@e6a1af>
heybarblahdefaultOTHER STUFFHello worldFU!
BAR
nil
edray
orangeay
what
-8N
fu 
 bar
true
1000000
#<core$_PLUS_ clojure.core$_PLUS_@e6a1af>
heybarblahdefaultOTHER STUFFHello worldFU!
BAR
nil
(and more)
edray
orangeay
what
-8N
fu 
 bar
true
1000000
#<core$_PLUS_ clojure.core$_PLUS_@e6a1af>
heybarblahdefaultOTHER STUFFHello worldFU!
BAR
nil
(and more)
edray
orangeay
what
-8N
fu 
 bar
true
1000000
#<core$_PLUS_ clojure.core$_PLUS_@e6a1af>
heybarblahdefaultOTHER STUFFHello worldFU!
BAR
nil
(and more)
edray
orangeay
what
-8N
fu 
 bar
true
1000000
#<core$_PLUS_ clojure.core$_PLUS_@e6a1af>
heybarblahdefaultOTHER STUFFHello worldFU!
BAR
nil
(and more)
edray
orangeay
what
-8N
fu 
 bar
true
1000000
#<core$_PLUS_ clojure.core$_PLUS_@e6a1af>
heybarblahdefaultOTHER STUFFHello worldFU!
BAR
nil
(and more)
edray
orangeay
what
-8N
fu 
 bar
true
1000000
#<core$_PLUS_ clojure.core$_PLUS_@e6a1af>
heybarblahdefaultOTHER STUFFHello worldFU!
BAR
nil
(and more)
edray
orangeay
what
-8N
fu 
 bar
true
1000000
#<core$_PLUS_ clojure.core$_PLUS_@e6a1af>
heybarblahdefaultOTHER STUFFHello worldFU!
BAR
nil
(and more)
edray
orangeay
what
-8N
fu 
 bar
true
1000000
#<core$_PLUS_ clojure.core$_PLUS_@e6a1af>
heybarblahdefaultOTHER STUFFHello worldFU!
BAR
nil
(and more)
edray
orangeay
what
-8N
fu 
 bar
true
1000000
#<core$_PLUS_ clojure.core$_PLUS_@e6a1af>
heybarblahdefaultOTHER STUFFHello worldFU!
BAR
nil
(and more)
edray
orangeay
what
-8N
fu 
 bar
true
1000000
#<core$_PLUS_ clojure.core$_PLUS_@e6a1af>
heybarblahdefaultOTHER STUFFHello worldFU!
BAR
nil
(and more)
edray
orangeay
what
-8N
fu 
 bar
true
1000000
#<core$_PLUS_ clojure.core$_PLUS_@e6a1af>
heybarblahdefaultOTHER STUFFHello worldFU!
BAR
nil
(and more)
edray
orangeay
what
-8N
fu 
 bar
true
1000000
#<core$_PLUS_ clojure.core$_PLUS_@e6a1af>
heybarblahdefaultOTHER STUFFHello worldFU!
BAR
nil
(and more)
edray
orangeay
what
-8N
fu 
 bar
true
1000000
#<core$_PLUS_ clojure.core$_PLUS_@e6a1af>
heybarblahdefaultOTHER STUFFHello worldFU!
BAR
nil
(and more)
edray
orangeay
what
-8N
fu 
 bar
true
1000000
#<core$_PLUS_ clojure.core$_PLUS_@e6a1af>
heybarblahdefaultOTHER STUFFHello worldFU!
BAR
nil
(and more)
edray
orangeay
what
-8N
fu 
 bar
true
1000000
#<core$_PLUS_ clojure.core$_PLUS_@e6a1af>
heybarblahdefaultOTHER STUFFHello worldFU!
BAR
nil
(and more)
edray
orangeay
what
-8N
fu 
 bar
true
1000000
#<core$_PLUS_ clojure.core$_PLUS_@e6a1af>
heybarblahdefaultOTHER STUFFHello worldFU!
BAR
nil
(and more)
edray
orangeay
what
-8N
fu 
 bar
true
1000000
#<core$_PLUS_ clojure.core$_PLUS_@e6a1af>
heybarblahdefaultOTHER STUFFHello worldFU!
BAR
nil
(and more)
edray
orangeay
what
-8N
fu 
 bar
true
1000000
#<core$_PLUS_ clojure.core$_PLUS_@e6a1af>
heybarblahdefaultOTHER STUFFHello worldFU!
BAR
nil
(and more)
edray
orangeay
what
-8N
fu 
 bar
true
1000000
#<core$_PLUS_ clojure.core$_PLUS_@e6a1af>
heybarblahdefaultOTHER STUFFHello worldFU!
BAR
nil
(and more)
edray
orangeay
what
-8N
fu 
 bar
true
1000000
#<core$_PLUS_ clojure.core$_PLUS_@e6a1af>
heybarblahdefaultOTHER STUFFHello worldFU!
BAR
nil
(and more)
edray
orangeay
what
-8N
fu 
 bar
true
1000000
#<core$_PLUS_ clojure.core$_PLUS_@e6a1af>
heybarblahdefaultOTHER STUFFHello worldFU!
BAR
nil
(and more)
edray
orangeay
what
-8N
fu 
 bar
true
1000000
#<core$_PLUS_ clojure.core$_PLUS_@e6a1af>
heybarblahdefaultOTHER STUFFHello worldFU!
BAR
nil
(and more)
edray
orangeay
what
-8N
fu 
 bar
true
1000000
#<core$_PLUS_ clojure.core$_PLUS_@e6a1af>
heybarblahdefaultOTHER STUFFHello worldFU!
BAR
nil
(and more)
edray
orangeay
what
-8N
fu 
 bar
true
1000000
#<core$_PLUS_ clojure.core$_PLUS_@e6a1af>
heybarblahdefaultOTHER STUFFHello worldFU!
BAR
nil
(and more)
edray
orangeay
what
-8N
fu 
 bar
true
1000000
#<core$_PLUS_ clojure.core$_PLUS_@e6a1af>
heybarblahdefaultOTHER STUFFHello worldFU!
BAR
nil
(and more)
edray
orangeay
what
-8N
fu 
 bar
true
1000000
#<core$_PLUS_ clojure.core$_PLUS_@e6a1af>
heybarblahdefaultOTHER STUFFHello worldFU!
BAR
nil
(and more)
whee whooop
edray
orangeay
what
-8N
fu 
 bar
true
1000000
#<core$_PLUS_ clojure.core$_PLUS_@e6a1af>
heybarblahdefaultOTHER STUFFHello worldFU!
BAR
nil
(and more)
whee whooop
edray
orangeay
what
-8N
fu 
 bar
true
1000000
#<core$_PLUS_ clojure.core$_PLUS_@e6a1af>
heybarblahdefaultOTHER STUFFHello worldFU!
BAR
nil
(and more)
whee whooop
edray
orangeay
what
-8N
fu 
 bar
true
1000000
#<core$_PLUS_ clojure.core$_PLUS_@e6a1af>
heybarblahdefaultOTHER STUFFHello worldFU!
BAR
nil
(and more)
whee whooop
edray
orangeay
what
-8N
fu 
 bar
true
1000000
#<core$_PLUS_ clojure.core$_PLUS_@e6a1af>
heybarblahdefaultOTHER STUFFHello worldFU!
BAR
nil
(and more)
whee whooop
edray
orangeay
what
-8N
fu 
 bar
true
1000000
#<core$_PLUS_ clojure.core$_PLUS_@e6a1af>
heybarblahdefaultOTHER STUFFHello worldFU!
BAR
nil
(and more)
whee whooop
edray
orangeay
what
-8N
fu 
 bar
true
1000000
#<core$_PLUS_ clojure.core$_PLUS_@e6a1af>
heybarblahdefaultOTHER STUFFHello worldFU!
BAR
nil
(and more)
whee whooop
edray
orangeay
what
-8N
fu 
 bar
true
1000000
#<core$_PLUS_ clojure.core$_PLUS_@e6a1af>
heybarblahdefaultOTHER STUFFHello worldFU!
BAR
nil
(and more)
whee whooop
edray
orangeay
what
-8N
fu 
 bar
true
1000000
#<core$_PLUS_ clojure.core$_PLUS_@e6a1af>
heybarblahdefaultOTHER STUFFHello worldFU!
BAR
nil
(and more)
whee whooop
edray
orangeay
what
-8N
fu 
 bar
true
1000000
#<core$_PLUS_ clojure.core$_PLUS_@e6a1af>
heybarblahdefaultOTHER STUFFHello worldFU!
BAR
nil
(and more)
whee whooop
edray
orangeay
what
-8N
fu 
 bar
true
1000000
#<core$_PLUS_ clojure.core$_PLUS_@e6a1af>
heybarblahdefaultOTHER STUFFHello worldFU!
BAR
nil
(and more)
whee whooop
edray
orangeay
what
-8N
fu 
 bar
true
1000000
#<core$_PLUS_ clojure.core$_PLUS_@e6a1af>
heybarblahdefaultOTHER STUFFHello worldFU!
BAR
nil
(and more)
whee whooop
edray
orangeay
what
-8N
fu 
 bar
true
1000000
#<core$_PLUS_ clojure.core$_PLUS_@e6a1af>
heybarblahdefaultOTHER STUFFHello worldFU!
BAR
nil
(and more)
whee whooop
edray
orangeay
what
-8N
fu 
 bar
true
1000000
#<core$_PLUS_ clojure.core$_PLUS_@e6a1af>
heybarblahdefaultOTHER STUFFHello worldFU!
BAR
nil
(and more)
whee whooop
edray
orangeay
what
-8N
fu 
 bar
true
1000000
#<core$_PLUS_ clojure.core$_PLUS_@e6a1af>
heybarblahdefaultOTHER STUFFHello worldFU!
BAR
nil
(and more)
whee whooop
edray
orangeay
what
-8N
fu 
 bar
true
1000000
#<core$_PLUS_ clojure.core$_PLUS_@e6a1af>
heybarblahdefaultOTHER STUFFHello worldFU!
BAR
nil
(and more)
whee whooop
edray
orangeay
what
-8N
fu 
 bar
true
1000000
#<core$_PLUS_ clojure.core$_PLUS_@e6a1af>
heybarblahdefaultOTHER STUFFHello worldFU!
BAR
nil
(and more)
whee whooop
edray
orangeay
what
-8N
fu 
 bar
true
1000000
#<core$_PLUS_ clojure.core$_PLUS_@e6a1af>
heybarblahdefaultOTHER STUFFHello worldFU!
BAR
nil
(and more)
whee whooop
edray
orangeay
what
-8N
fu 
 bar
true
1000000
#<core$_PLUS_ clojure.core$_PLUS_@e6a1af>
heybarblahdefaultOTHER STUFFHello worldFU!
BAR
nil
(and more)
whee whooop
edray
orangeay
what
-8N
fu 
 bar
true
1000000
#<core$_PLUS_ clojure.core$_PLUS_@e6a1af>
heybarblahdefaultOTHER STUFFHello worldFU!
BAR
nil
(and more)
whee whooop
